[2016-10-25 22:46:48,027] multiqc                                            [DEBUG  ]  No MultiQC config found: /anaconda/lib/python3.5/site-packages/multiqc-0.8-py3.5.egg/multiqc_config.yaml
[2016-10-25 22:46:48,027] multiqc                                            [DEBUG  ]  No MultiQC config found: /Users/yaaminivenkataraman/.multiqc_config.yaml
[2016-10-25 22:46:48,028] multiqc                                            [DEBUG  ]  No MultiQC config found: multiqc_config.yaml
[2016-10-25 22:46:48,028] multiqc                                            [DEBUG  ]  No MultiQC config found: /anaconda/lib/python3.5/site-packages/multiqc-0.8-py3.5.egg/multiqc_config.yaml
[2016-10-25 22:46:48,028] multiqc                                            [DEBUG  ]  No MultiQC config found: /Users/yaaminivenkataraman/.multiqc_config.yaml
[2016-10-25 22:46:48,028] multiqc                                            [DEBUG  ]  No MultiQC config found: multiqc_config.yaml
[2016-10-25 22:46:48,028] multiqc                                            [DEBUG  ]  Command used: /anaconda/bin/multiqc /Users/yaaminivenkataraman/Documents/School/Year1/FISH-546/yaaminiv-fish546-2016/analyses/oly_oa_gonad_FastQC_commandline /Users/yaaminivenkataraman/Documents/School/Year1/FISH-546/yaaminiv-fish546-2016/analyses/oly_oa_gonad_MultiQC
[2016-10-25 22:46:48,759] multiqc                                            [INFO   ]  This is MultiQC v0.8
[2016-10-25 22:46:48,759] multiqc                                            [DEBUG  ]  Command     : /anaconda/bin/multiqc /Users/yaaminivenkataraman/Documents/School/Year1/FISH-546/yaaminiv-fish546-2016/analyses/oly_oa_gonad_FastQC_commandline /Users/yaaminivenkataraman/Documents/School/Year1/FISH-546/yaaminiv-fish546-2016/analyses/oly_oa_gonad_MultiQC
[2016-10-25 22:46:48,759] multiqc                                            [DEBUG  ]  Working dir : /Users/yaaminivenkataraman/Documents/School/Year1/FISH-546/yaaminiv-fish546-2016/notebooks
[2016-10-25 22:46:48,759] multiqc                                            [INFO   ]  Template    : default
[2016-10-25 22:46:48,760] multiqc                                            [INFO   ]  Searching '/Users/yaaminivenkataraman/Documents/School/Year1/FISH-546/yaaminiv-fish546-2016/analyses/oly_oa_gonad_FastQC_commandline'
[2016-10-25 22:46:48,760] multiqc                                            [INFO   ]  Searching '/Users/yaaminivenkataraman/Documents/School/Year1/FISH-546/yaaminiv-fish546-2016/analyses/oly_oa_gonad_MultiQC'
[2016-10-25 22:46:48,760] multiqc                                            [DEBUG  ]  Analysing modules: gatk, quast, snpeff, qualimap, bcftools, featureCounts, methylQA, rseqc, picard, preseq, samblaster, samtools, bamtools, bismark, hicup, salmon, kallisto, star, tophat, bowtie2, bowtie1, cutadapt, trimmomatic, skewer, fastq_screen, fastqc
[2016-10-25 22:46:48,760] multiqc                                            [DEBUG  ]  Using temporary directory for creating report: /var/folders/ly/x1yqtkfx09s5pzg6g_vrcxym0000gp/T/tmpqyp2pydv
[2016-10-25 22:46:49,062] multiqc.modules.gatk.gatk                          [DEBUG  ]  Could not find any reports in ('/Users/yaaminivenkataraman/Documents/School/Year1/FISH-546/yaaminiv-fish546-2016/analyses/oly_oa_gonad_FastQC_commandline', '/Users/yaaminivenkataraman/Documents/School/Year1/FISH-546/yaaminiv-fish546-2016/analyses/oly_oa_gonad_MultiQC')
[2016-10-25 22:46:49,117] multiqc.modules.quast.quast                        [DEBUG  ]  Could not find any reports in ('/Users/yaaminivenkataraman/Documents/School/Year1/FISH-546/yaaminiv-fish546-2016/analyses/oly_oa_gonad_FastQC_commandline', '/Users/yaaminivenkataraman/Documents/School/Year1/FISH-546/yaaminiv-fish546-2016/analyses/oly_oa_gonad_MultiQC')
[2016-10-25 22:46:49,159] multiqc.modules.snpeff.snpeff                      [DEBUG  ]  Could not find any data in ('/Users/yaaminivenkataraman/Documents/School/Year1/FISH-546/yaaminiv-fish546-2016/analyses/oly_oa_gonad_FastQC_commandline', '/Users/yaaminivenkataraman/Documents/School/Year1/FISH-546/yaaminiv-fish546-2016/analyses/oly_oa_gonad_MultiQC')
[2016-10-25 22:46:49,246] multiqc.modules.qualimap.qualimap                  [DEBUG  ]  Could not find any reports in ('/Users/yaaminivenkataraman/Documents/School/Year1/FISH-546/yaaminiv-fish546-2016/analyses/oly_oa_gonad_FastQC_commandline', '/Users/yaaminivenkataraman/Documents/School/Year1/FISH-546/yaaminiv-fish546-2016/analyses/oly_oa_gonad_MultiQC')
[2016-10-25 22:46:49,355] multiqc.modules.bcftools.bcftools                  [DEBUG  ]  Could not find any reports in ('/Users/yaaminivenkataraman/Documents/School/Year1/FISH-546/yaaminiv-fish546-2016/analyses/oly_oa_gonad_FastQC_commandline', '/Users/yaaminivenkataraman/Documents/School/Year1/FISH-546/yaaminiv-fish546-2016/analyses/oly_oa_gonad_MultiQC')
[2016-10-25 22:46:49,383] multiqc.modules.featureCounts.feature_counts       [DEBUG  ]  Could not find any reports in ('/Users/yaaminivenkataraman/Documents/School/Year1/FISH-546/yaaminiv-fish546-2016/analyses/oly_oa_gonad_FastQC_commandline', '/Users/yaaminivenkataraman/Documents/School/Year1/FISH-546/yaaminiv-fish546-2016/analyses/oly_oa_gonad_MultiQC')
[2016-10-25 22:46:49,443] multiqc.modules.methylQA.methylQA                  [DEBUG  ]  Could not find any reports in ('/Users/yaaminivenkataraman/Documents/School/Year1/FISH-546/yaaminiv-fish546-2016/analyses/oly_oa_gonad_FastQC_commandline', '/Users/yaaminivenkataraman/Documents/School/Year1/FISH-546/yaaminiv-fish546-2016/analyses/oly_oa_gonad_MultiQC')
[2016-10-25 22:46:49,864] multiqc.modules.rseqc.rseqc                        [DEBUG  ]  Could not find any reports in ('/Users/yaaminivenkataraman/Documents/School/Year1/FISH-546/yaaminiv-fish546-2016/analyses/oly_oa_gonad_FastQC_commandline', '/Users/yaaminivenkataraman/Documents/School/Year1/FISH-546/yaaminiv-fish546-2016/analyses/oly_oa_gonad_MultiQC')
[2016-10-25 22:46:50,157] multiqc.modules.picard.picard                      [DEBUG  ]  Could not find any reports in ('/Users/yaaminivenkataraman/Documents/School/Year1/FISH-546/yaaminiv-fish546-2016/analyses/oly_oa_gonad_FastQC_commandline', '/Users/yaaminivenkataraman/Documents/School/Year1/FISH-546/yaaminiv-fish546-2016/analyses/oly_oa_gonad_MultiQC')
[2016-10-25 22:46:50,185] multiqc.modules.preseq.preseq                      [DEBUG  ]  Could not find any preseq data in ('/Users/yaaminivenkataraman/Documents/School/Year1/FISH-546/yaaminiv-fish546-2016/analyses/oly_oa_gonad_FastQC_commandline', '/Users/yaaminivenkataraman/Documents/School/Year1/FISH-546/yaaminiv-fish546-2016/analyses/oly_oa_gonad_MultiQC')
[2016-10-25 22:46:50,271] multiqc.modules.samblaster.samblaster              [DEBUG  ]  Could not find any data in ('/Users/yaaminivenkataraman/Documents/School/Year1/FISH-546/yaaminiv-fish546-2016/analyses/oly_oa_gonad_FastQC_commandline', '/Users/yaaminivenkataraman/Documents/School/Year1/FISH-546/yaaminiv-fish546-2016/analyses/oly_oa_gonad_MultiQC')
[2016-10-25 22:46:50,346] multiqc.modules.samtools.samtools                  [DEBUG  ]  Could not find any reports in ('/Users/yaaminivenkataraman/Documents/School/Year1/FISH-546/yaaminiv-fish546-2016/analyses/oly_oa_gonad_FastQC_commandline', '/Users/yaaminivenkataraman/Documents/School/Year1/FISH-546/yaaminiv-fish546-2016/analyses/oly_oa_gonad_MultiQC')
[2016-10-25 22:46:50,367] multiqc.modules.bamtools.bamtools                  [DEBUG  ]  Could not find any reports in ('/Users/yaaminivenkataraman/Documents/School/Year1/FISH-546/yaaminiv-fish546-2016/analyses/oly_oa_gonad_FastQC_commandline', '/Users/yaaminivenkataraman/Documents/School/Year1/FISH-546/yaaminiv-fish546-2016/analyses/oly_oa_gonad_MultiQC')
[2016-10-25 22:46:50,383] multiqc.modules.bismark.bismark                    [DEBUG  ]  Could not find any reports in ('/Users/yaaminivenkataraman/Documents/School/Year1/FISH-546/yaaminiv-fish546-2016/analyses/oly_oa_gonad_FastQC_commandline', '/Users/yaaminivenkataraman/Documents/School/Year1/FISH-546/yaaminiv-fish546-2016/analyses/oly_oa_gonad_MultiQC')
[2016-10-25 22:46:50,406] multiqc.modules.hicup.hicup                        [DEBUG  ]  Could not find any HiCUP data in ('/Users/yaaminivenkataraman/Documents/School/Year1/FISH-546/yaaminiv-fish546-2016/analyses/oly_oa_gonad_FastQC_commandline', '/Users/yaaminivenkataraman/Documents/School/Year1/FISH-546/yaaminiv-fish546-2016/analyses/oly_oa_gonad_MultiQC')
[2016-10-25 22:46:50,449] multiqc.modules.salmon.salmon                      [DEBUG  ]  Could not find any Salmon data in ('/Users/yaaminivenkataraman/Documents/School/Year1/FISH-546/yaaminiv-fish546-2016/analyses/oly_oa_gonad_FastQC_commandline', '/Users/yaaminivenkataraman/Documents/School/Year1/FISH-546/yaaminiv-fish546-2016/analyses/oly_oa_gonad_MultiQC')
[2016-10-25 22:46:50,471] multiqc.modules.kallisto.kallisto                  [DEBUG  ]  Could not find any reports in ('/Users/yaaminivenkataraman/Documents/School/Year1/FISH-546/yaaminiv-fish546-2016/analyses/oly_oa_gonad_FastQC_commandline', '/Users/yaaminivenkataraman/Documents/School/Year1/FISH-546/yaaminiv-fish546-2016/analyses/oly_oa_gonad_MultiQC')
[2016-10-25 22:46:50,515] multiqc.modules.star.star                          [DEBUG  ]  Could not find any reports in ('/Users/yaaminivenkataraman/Documents/School/Year1/FISH-546/yaaminiv-fish546-2016/analyses/oly_oa_gonad_FastQC_commandline', '/Users/yaaminivenkataraman/Documents/School/Year1/FISH-546/yaaminiv-fish546-2016/analyses/oly_oa_gonad_MultiQC')
[2016-10-25 22:46:50,547] multiqc.modules.tophat.tophat                      [DEBUG  ]  Could not find any reports in ('/Users/yaaminivenkataraman/Documents/School/Year1/FISH-546/yaaminiv-fish546-2016/analyses/oly_oa_gonad_FastQC_commandline', '/Users/yaaminivenkataraman/Documents/School/Year1/FISH-546/yaaminiv-fish546-2016/analyses/oly_oa_gonad_MultiQC')
[2016-10-25 22:46:50,805] multiqc.modules.bowtie2.bowtie2                    [DEBUG  ]  Could not find any reports in ('/Users/yaaminivenkataraman/Documents/School/Year1/FISH-546/yaaminiv-fish546-2016/analyses/oly_oa_gonad_FastQC_commandline', '/Users/yaaminivenkataraman/Documents/School/Year1/FISH-546/yaaminiv-fish546-2016/analyses/oly_oa_gonad_MultiQC')
[2016-10-25 22:46:51,055] multiqc.modules.bowtie1.bowtie1                    [DEBUG  ]  Could not find any reports in ('/Users/yaaminivenkataraman/Documents/School/Year1/FISH-546/yaaminiv-fish546-2016/analyses/oly_oa_gonad_FastQC_commandline', '/Users/yaaminivenkataraman/Documents/School/Year1/FISH-546/yaaminiv-fish546-2016/analyses/oly_oa_gonad_MultiQC')
[2016-10-25 22:46:51,166] multiqc.modules.cutadapt.cutadapt                  [DEBUG  ]  Could not find any reports in ('/Users/yaaminivenkataraman/Documents/School/Year1/FISH-546/yaaminiv-fish546-2016/analyses/oly_oa_gonad_FastQC_commandline', '/Users/yaaminivenkataraman/Documents/School/Year1/FISH-546/yaaminiv-fish546-2016/analyses/oly_oa_gonad_MultiQC')
[2016-10-25 22:46:51,310] multiqc.modules.trimmomatic.trimmomatic            [DEBUG  ]  Could not find any Trimmomatic data in ('/Users/yaaminivenkataraman/Documents/School/Year1/FISH-546/yaaminiv-fish546-2016/analyses/oly_oa_gonad_FastQC_commandline', '/Users/yaaminivenkataraman/Documents/School/Year1/FISH-546/yaaminiv-fish546-2016/analyses/oly_oa_gonad_MultiQC')
[2016-10-25 22:46:51,449] multiqc.modules.skewer.skewer                      [DEBUG  ]  Could not find any data in ('/Users/yaaminivenkataraman/Documents/School/Year1/FISH-546/yaaminiv-fish546-2016/analyses/oly_oa_gonad_FastQC_commandline', '/Users/yaaminivenkataraman/Documents/School/Year1/FISH-546/yaaminiv-fish546-2016/analyses/oly_oa_gonad_MultiQC')
[2016-10-25 22:46:51,842] multiqc.modules.fastq_screen.fastq_screen          [DEBUG  ]  Could not find any reports in ('/Users/yaaminivenkataraman/Documents/School/Year1/FISH-546/yaaminiv-fish546-2016/analyses/oly_oa_gonad_FastQC_commandline', '/Users/yaaminivenkataraman/Documents/School/Year1/FISH-546/yaaminiv-fish546-2016/analyses/oly_oa_gonad_MultiQC')
[2016-10-25 22:46:52,528] multiqc.modules.fastqc.fastqc                      [INFO   ]  Found 4 reports
[2016-10-25 22:46:52,989] multiqc                                            [INFO   ]  Report      : multiqc_report.html
[2016-10-25 22:46:52,990] multiqc                                            [INFO   ]  Data        : multiqc_data
[2016-10-25 22:46:52,990] multiqc                                            [DEBUG  ]  Moving data file from '/var/folders/ly/x1yqtkfx09s5pzg6g_vrcxym0000gp/T/tmpqyp2pydv/multiqc_data/multiqc_fastqc.txt' to '/Users/yaaminivenkataraman/Documents/School/Year1/FISH-546/yaaminiv-fish546-2016/notebooks/multiqc_data'
[2016-10-25 22:46:52,990] multiqc                                            [DEBUG  ]  Moving data file from '/var/folders/ly/x1yqtkfx09s5pzg6g_vrcxym0000gp/T/tmpqyp2pydv/multiqc_data/multiqc_general_stats.txt' to '/Users/yaaminivenkataraman/Documents/School/Year1/FISH-546/yaaminiv-fish546-2016/notebooks/multiqc_data'
[2016-10-25 22:46:52,991] multiqc                                            [DEBUG  ]  Moving data file from '/var/folders/ly/x1yqtkfx09s5pzg6g_vrcxym0000gp/T/tmpqyp2pydv/multiqc_data/multiqc_sources.txt' to '/Users/yaaminivenkataraman/Documents/School/Year1/FISH-546/yaaminiv-fish546-2016/notebooks/multiqc_data'
[2016-10-25 22:46:54,614] multiqc                                            [INFO   ]  MultiQC complete
