[2016-10-25 22:36:55,431] multiqc                                            [DEBUG  ]  No MultiQC config found: /anaconda/lib/python3.5/site-packages/multiqc-0.8-py3.5.egg/multiqc_config.yaml
[2016-10-25 22:36:55,432] multiqc                                            [DEBUG  ]  No MultiQC config found: /Users/yaaminivenkataraman/.multiqc_config.yaml
[2016-10-25 22:36:55,432] multiqc                                            [DEBUG  ]  No MultiQC config found: multiqc_config.yaml
[2016-10-25 22:36:55,432] multiqc                                            [DEBUG  ]  No MultiQC config found: /anaconda/lib/python3.5/site-packages/multiqc-0.8-py3.5.egg/multiqc_config.yaml
[2016-10-25 22:36:55,432] multiqc                                            [DEBUG  ]  No MultiQC config found: /Users/yaaminivenkataraman/.multiqc_config.yaml
[2016-10-25 22:36:55,432] multiqc                                            [DEBUG  ]  No MultiQC config found: multiqc_config.yaml
[2016-10-25 22:36:55,432] multiqc                                            [DEBUG  ]  Command used: /anaconda/bin/multiqc /Users/yaaminivenkataraman/Documents/School/Year1/FISH-546/yaaminiv-fish546-2016/analyses/oly_oa_gonad_FastQC_commandline /Users/yaaminivenkataraman/Documents/School/Year1/FISH-546/yaaminiv-fish546-2016/analyses/oly_oa_gonad_MultiQC
[2016-10-25 22:36:55,823] multiqc                                            [INFO   ]  This is MultiQC v0.8
[2016-10-25 22:36:55,823] multiqc                                            [DEBUG  ]  Command     : /anaconda/bin/multiqc /Users/yaaminivenkataraman/Documents/School/Year1/FISH-546/yaaminiv-fish546-2016/analyses/oly_oa_gonad_FastQC_commandline /Users/yaaminivenkataraman/Documents/School/Year1/FISH-546/yaaminiv-fish546-2016/analyses/oly_oa_gonad_MultiQC
[2016-10-25 22:36:55,823] multiqc                                            [DEBUG  ]  Working dir : /Users/yaaminivenkataraman/Documents/School/Year1/FISH-546/yaaminiv-fish546-2016/notebooks
[2016-10-25 22:36:55,823] multiqc                                            [INFO   ]  Template    : default
[2016-10-25 22:36:55,823] multiqc                                            [INFO   ]  Searching '/Users/yaaminivenkataraman/Documents/School/Year1/FISH-546/yaaminiv-fish546-2016/analyses/oly_oa_gonad_FastQC_commandline'
[2016-10-25 22:36:55,823] multiqc                                            [INFO   ]  Searching '/Users/yaaminivenkataraman/Documents/School/Year1/FISH-546/yaaminiv-fish546-2016/analyses/oly_oa_gonad_MultiQC'
[2016-10-25 22:36:55,824] multiqc                                            [DEBUG  ]  Analysing modules: gatk, quast, snpeff, qualimap, bcftools, featureCounts, methylQA, rseqc, picard, preseq, samblaster, samtools, bamtools, bismark, hicup, salmon, kallisto, star, tophat, bowtie2, bowtie1, cutadapt, trimmomatic, skewer, fastq_screen, fastqc
[2016-10-25 22:36:55,824] multiqc                                            [DEBUG  ]  Using temporary directory for creating report: /var/folders/ly/x1yqtkfx09s5pzg6g_vrcxym0000gp/T/tmpxobhscqo
[2016-10-25 22:36:56,106] multiqc.modules.gatk.gatk                          [DEBUG  ]  Could not find any reports in ('/Users/yaaminivenkataraman/Documents/School/Year1/FISH-546/yaaminiv-fish546-2016/analyses/oly_oa_gonad_FastQC_commandline', '/Users/yaaminivenkataraman/Documents/School/Year1/FISH-546/yaaminiv-fish546-2016/analyses/oly_oa_gonad_MultiQC')
[2016-10-25 22:36:56,153] multiqc.modules.quast.quast                        [DEBUG  ]  Could not find any reports in ('/Users/yaaminivenkataraman/Documents/School/Year1/FISH-546/yaaminiv-fish546-2016/analyses/oly_oa_gonad_FastQC_commandline', '/Users/yaaminivenkataraman/Documents/School/Year1/FISH-546/yaaminiv-fish546-2016/analyses/oly_oa_gonad_MultiQC')
[2016-10-25 22:36:56,196] multiqc.modules.snpeff.snpeff                      [DEBUG  ]  Could not find any data in ('/Users/yaaminivenkataraman/Documents/School/Year1/FISH-546/yaaminiv-fish546-2016/analyses/oly_oa_gonad_FastQC_commandline', '/Users/yaaminivenkataraman/Documents/School/Year1/FISH-546/yaaminiv-fish546-2016/analyses/oly_oa_gonad_MultiQC')
[2016-10-25 22:36:56,297] multiqc.modules.qualimap.qualimap                  [DEBUG  ]  Could not find any reports in ('/Users/yaaminivenkataraman/Documents/School/Year1/FISH-546/yaaminiv-fish546-2016/analyses/oly_oa_gonad_FastQC_commandline', '/Users/yaaminivenkataraman/Documents/School/Year1/FISH-546/yaaminiv-fish546-2016/analyses/oly_oa_gonad_MultiQC')
[2016-10-25 22:36:56,389] multiqc.modules.bcftools.bcftools                  [DEBUG  ]  Could not find any reports in ('/Users/yaaminivenkataraman/Documents/School/Year1/FISH-546/yaaminiv-fish546-2016/analyses/oly_oa_gonad_FastQC_commandline', '/Users/yaaminivenkataraman/Documents/School/Year1/FISH-546/yaaminiv-fish546-2016/analyses/oly_oa_gonad_MultiQC')
[2016-10-25 22:36:56,418] multiqc.modules.featureCounts.feature_counts       [DEBUG  ]  Could not find any reports in ('/Users/yaaminivenkataraman/Documents/School/Year1/FISH-546/yaaminiv-fish546-2016/analyses/oly_oa_gonad_FastQC_commandline', '/Users/yaaminivenkataraman/Documents/School/Year1/FISH-546/yaaminiv-fish546-2016/analyses/oly_oa_gonad_MultiQC')
[2016-10-25 22:36:56,465] multiqc.modules.methylQA.methylQA                  [DEBUG  ]  Could not find any reports in ('/Users/yaaminivenkataraman/Documents/School/Year1/FISH-546/yaaminiv-fish546-2016/analyses/oly_oa_gonad_FastQC_commandline', '/Users/yaaminivenkataraman/Documents/School/Year1/FISH-546/yaaminiv-fish546-2016/analyses/oly_oa_gonad_MultiQC')
[2016-10-25 22:36:56,625] multiqc.modules.rseqc.rseqc                        [DEBUG  ]  Could not find any reports in ('/Users/yaaminivenkataraman/Documents/School/Year1/FISH-546/yaaminiv-fish546-2016/analyses/oly_oa_gonad_FastQC_commandline', '/Users/yaaminivenkataraman/Documents/School/Year1/FISH-546/yaaminiv-fish546-2016/analyses/oly_oa_gonad_MultiQC')
[2016-10-25 22:36:56,899] multiqc.modules.picard.picard                      [DEBUG  ]  Could not find any reports in ('/Users/yaaminivenkataraman/Documents/School/Year1/FISH-546/yaaminiv-fish546-2016/analyses/oly_oa_gonad_FastQC_commandline', '/Users/yaaminivenkataraman/Documents/School/Year1/FISH-546/yaaminiv-fish546-2016/analyses/oly_oa_gonad_MultiQC')
[2016-10-25 22:36:56,940] multiqc.modules.preseq.preseq                      [DEBUG  ]  Could not find any preseq data in ('/Users/yaaminivenkataraman/Documents/School/Year1/FISH-546/yaaminiv-fish546-2016/analyses/oly_oa_gonad_FastQC_commandline', '/Users/yaaminivenkataraman/Documents/School/Year1/FISH-546/yaaminiv-fish546-2016/analyses/oly_oa_gonad_MultiQC')
[2016-10-25 22:36:56,996] multiqc.modules.samblaster.samblaster              [DEBUG  ]  Could not find any data in ('/Users/yaaminivenkataraman/Documents/School/Year1/FISH-546/yaaminiv-fish546-2016/analyses/oly_oa_gonad_FastQC_commandline', '/Users/yaaminivenkataraman/Documents/School/Year1/FISH-546/yaaminiv-fish546-2016/analyses/oly_oa_gonad_MultiQC')
[2016-10-25 22:36:57,061] multiqc.modules.samtools.samtools                  [DEBUG  ]  Could not find any reports in ('/Users/yaaminivenkataraman/Documents/School/Year1/FISH-546/yaaminiv-fish546-2016/analyses/oly_oa_gonad_FastQC_commandline', '/Users/yaaminivenkataraman/Documents/School/Year1/FISH-546/yaaminiv-fish546-2016/analyses/oly_oa_gonad_MultiQC')
[2016-10-25 22:36:57,096] multiqc.modules.bamtools.bamtools                  [DEBUG  ]  Could not find any reports in ('/Users/yaaminivenkataraman/Documents/School/Year1/FISH-546/yaaminiv-fish546-2016/analyses/oly_oa_gonad_FastQC_commandline', '/Users/yaaminivenkataraman/Documents/School/Year1/FISH-546/yaaminiv-fish546-2016/analyses/oly_oa_gonad_MultiQC')
[2016-10-25 22:36:57,115] multiqc.modules.bismark.bismark                    [DEBUG  ]  Could not find any reports in ('/Users/yaaminivenkataraman/Documents/School/Year1/FISH-546/yaaminiv-fish546-2016/analyses/oly_oa_gonad_FastQC_commandline', '/Users/yaaminivenkataraman/Documents/School/Year1/FISH-546/yaaminiv-fish546-2016/analyses/oly_oa_gonad_MultiQC')
[2016-10-25 22:36:57,144] multiqc.modules.hicup.hicup                        [DEBUG  ]  Could not find any HiCUP data in ('/Users/yaaminivenkataraman/Documents/School/Year1/FISH-546/yaaminiv-fish546-2016/analyses/oly_oa_gonad_FastQC_commandline', '/Users/yaaminivenkataraman/Documents/School/Year1/FISH-546/yaaminiv-fish546-2016/analyses/oly_oa_gonad_MultiQC')
[2016-10-25 22:36:57,172] multiqc.modules.salmon.salmon                      [DEBUG  ]  Could not find any Salmon data in ('/Users/yaaminivenkataraman/Documents/School/Year1/FISH-546/yaaminiv-fish546-2016/analyses/oly_oa_gonad_FastQC_commandline', '/Users/yaaminivenkataraman/Documents/School/Year1/FISH-546/yaaminiv-fish546-2016/analyses/oly_oa_gonad_MultiQC')
[2016-10-25 22:36:57,186] multiqc.modules.kallisto.kallisto                  [DEBUG  ]  Could not find any reports in ('/Users/yaaminivenkataraman/Documents/School/Year1/FISH-546/yaaminiv-fish546-2016/analyses/oly_oa_gonad_FastQC_commandline', '/Users/yaaminivenkataraman/Documents/School/Year1/FISH-546/yaaminiv-fish546-2016/analyses/oly_oa_gonad_MultiQC')
[2016-10-25 22:36:57,226] multiqc.modules.star.star                          [DEBUG  ]  Could not find any reports in ('/Users/yaaminivenkataraman/Documents/School/Year1/FISH-546/yaaminiv-fish546-2016/analyses/oly_oa_gonad_FastQC_commandline', '/Users/yaaminivenkataraman/Documents/School/Year1/FISH-546/yaaminiv-fish546-2016/analyses/oly_oa_gonad_MultiQC')
[2016-10-25 22:36:57,257] multiqc.modules.tophat.tophat                      [DEBUG  ]  Could not find any reports in ('/Users/yaaminivenkataraman/Documents/School/Year1/FISH-546/yaaminiv-fish546-2016/analyses/oly_oa_gonad_FastQC_commandline', '/Users/yaaminivenkataraman/Documents/School/Year1/FISH-546/yaaminiv-fish546-2016/analyses/oly_oa_gonad_MultiQC')
[2016-10-25 22:36:57,304] multiqc.modules.bowtie2.bowtie2                    [DEBUG  ]  Could not find any reports in ('/Users/yaaminivenkataraman/Documents/School/Year1/FISH-546/yaaminiv-fish546-2016/analyses/oly_oa_gonad_FastQC_commandline', '/Users/yaaminivenkataraman/Documents/School/Year1/FISH-546/yaaminiv-fish546-2016/analyses/oly_oa_gonad_MultiQC')
[2016-10-25 22:36:57,336] multiqc.modules.bowtie1.bowtie1                    [DEBUG  ]  Could not find any reports in ('/Users/yaaminivenkataraman/Documents/School/Year1/FISH-546/yaaminiv-fish546-2016/analyses/oly_oa_gonad_FastQC_commandline', '/Users/yaaminivenkataraman/Documents/School/Year1/FISH-546/yaaminiv-fish546-2016/analyses/oly_oa_gonad_MultiQC')
[2016-10-25 22:36:57,369] multiqc.modules.cutadapt.cutadapt                  [DEBUG  ]  Could not find any reports in ('/Users/yaaminivenkataraman/Documents/School/Year1/FISH-546/yaaminiv-fish546-2016/analyses/oly_oa_gonad_FastQC_commandline', '/Users/yaaminivenkataraman/Documents/School/Year1/FISH-546/yaaminiv-fish546-2016/analyses/oly_oa_gonad_MultiQC')
[2016-10-25 22:36:57,407] multiqc.modules.trimmomatic.trimmomatic            [DEBUG  ]  Could not find any Trimmomatic data in ('/Users/yaaminivenkataraman/Documents/School/Year1/FISH-546/yaaminiv-fish546-2016/analyses/oly_oa_gonad_FastQC_commandline', '/Users/yaaminivenkataraman/Documents/School/Year1/FISH-546/yaaminiv-fish546-2016/analyses/oly_oa_gonad_MultiQC')
[2016-10-25 22:36:57,439] multiqc.modules.skewer.skewer                      [DEBUG  ]  Could not find any data in ('/Users/yaaminivenkataraman/Documents/School/Year1/FISH-546/yaaminiv-fish546-2016/analyses/oly_oa_gonad_FastQC_commandline', '/Users/yaaminivenkataraman/Documents/School/Year1/FISH-546/yaaminiv-fish546-2016/analyses/oly_oa_gonad_MultiQC')
[2016-10-25 22:36:57,499] multiqc.modules.fastq_screen.fastq_screen          [DEBUG  ]  Could not find any reports in ('/Users/yaaminivenkataraman/Documents/School/Year1/FISH-546/yaaminiv-fish546-2016/analyses/oly_oa_gonad_FastQC_commandline', '/Users/yaaminivenkataraman/Documents/School/Year1/FISH-546/yaaminiv-fish546-2016/analyses/oly_oa_gonad_MultiQC')
[2016-10-25 22:36:57,723] multiqc.modules.fastqc.fastqc                      [INFO   ]  Found 4 reports
[2016-10-25 22:36:57,915] multiqc                                            [INFO   ]  Report      : multiqc_report.html
[2016-10-25 22:36:57,915] multiqc                                            [INFO   ]  Data        : multiqc_data
[2016-10-25 22:36:57,915] multiqc                                            [DEBUG  ]  Moving data file from '/var/folders/ly/x1yqtkfx09s5pzg6g_vrcxym0000gp/T/tmpxobhscqo/multiqc_data/multiqc_fastqc.txt' to '/Users/yaaminivenkataraman/Documents/School/Year1/FISH-546/yaaminiv-fish546-2016/notebooks/multiqc_data'
[2016-10-25 22:36:57,916] multiqc                                            [DEBUG  ]  Moving data file from '/var/folders/ly/x1yqtkfx09s5pzg6g_vrcxym0000gp/T/tmpxobhscqo/multiqc_data/multiqc_general_stats.txt' to '/Users/yaaminivenkataraman/Documents/School/Year1/FISH-546/yaaminiv-fish546-2016/notebooks/multiqc_data'
[2016-10-25 22:36:57,916] multiqc                                            [DEBUG  ]  Moving data file from '/var/folders/ly/x1yqtkfx09s5pzg6g_vrcxym0000gp/T/tmpxobhscqo/multiqc_data/multiqc_sources.txt' to '/Users/yaaminivenkataraman/Documents/School/Year1/FISH-546/yaaminiv-fish546-2016/notebooks/multiqc_data'
[2016-10-25 22:36:59,295] multiqc                                            [INFO   ]  MultiQC complete
